# JRE version: OpenJDK Runtime Environment (8.0_242-b01) (build 1.8.0_242-release-1644-b01)
# Java VM: OpenJDK 64-Bit Server VM (25.242-b01 mixed mode windows-amd64 compressed oops)
Heap:
 PSYoungGen      total 400384K, used 267106K [0x00000000d5580000, 0x00000000f2080000, 0x0000000100000000)
  eden space 359424K, 74% used [0x00000000d5580000,0x00000000e5a58b58,0x00000000eb480000)
  from space 40960K, 0% used [0x00000000ee680000,0x00000000ee680000,0x00000000f0e80000)
  to   space 51200K, 0% used [0x00000000eb480000,0x00000000eb480000,0x00000000ee680000)
 ParOldGen       total 325120K, used 73523K [0x0000000080000000, 0x0000000093d80000, 0x00000000d5580000)
  object space 325120K, 22% used [0x0000000080000000,0x00000000847ccc58,0x0000000093d80000)
 Metaspace       used 101563K, capacity 106074K, committed 106392K, reserved 1140736K
  class space    used 13293K, capacity 14137K, committed 14232K, reserved 1048576K
GC Heap History (10 events):
Event: 21.432 GC heap before
{Heap before GC invocations=10 (full 3):
 PSYoungGen      total 326144K, used 20472K [0x00000000d5580000, 0x00000000ecd80000, 0x0000000100000000)
  eden space 305664K, 0% used [0x00000000d5580000,0x00000000d5580000,0x00000000e8000000)
  from space 20480K, 99% used [0x00000000e8000000,0x00000000e93fe220,0x00000000e9400000)
  to   space 26624K, 0% used [0x00000000eb380000,0x00000000eb380000,0x00000000ecd80000)
 ParOldGen       total 145408K, used 28042K [0x0000000080000000, 0x0000000088e00000, 0x00000000d5580000)
  object space 145408K, 19% used [0x0000000080000000,0x0000000081b62828,0x0000000088e00000)
 Metaspace       used 56859K, capacity 59086K, committed 59160K, reserved 1099776K
  class space    used 7679K, capacity 8153K, committed 8216K, reserved 1048576K
Event: 21.772 GC heap after
Heap after GC invocations=10 (full 3):
 PSYoungGen      total 326144K, used 0K [0x00000000d5580000, 0x00000000ecd80000, 0x0000000100000000)
  eden space 305664K, 0% used [0x00000000d5580000,0x00000000d5580000,0x00000000e8000000)
  from space 20480K, 0% used [0x00000000e8000000,0x00000000e8000000,0x00000000e9400000)
  to   space 26624K, 0% used [0x00000000eb380000,0x00000000eb380000,0x00000000ecd80000)
 ParOldGen       total 210432K, used 38167K [0x0000000080000000, 0x000000008cd80000, 0x00000000d5580000)
  object space 210432K, 18% used [0x0000000080000000,0x0000000082545d40,0x000000008cd80000)
 Metaspace       used 56842K, capacity 59026K, committed 59160K, reserved 1099776K
  class space    used 7674K, capacity 8143K, committed 8216K, reserved 1048576K
}
Event: 30.321 GC heap before
{Heap before GC invocations=11 (full 3):
 PSYoungGen      total 326144K, used 305664K [0x00000000d5580000, 0x00000000ecd80000, 0x0000000100000000)
  eden space 305664K, 100% used [0x00000000d5580000,0x00000000e8000000,0x00000000e8000000)
  from space 20480K, 0% used [0x00000000e8000000,0x00000000e8000000,0x00000000e9400000)
  to   space 26624K, 0% used [0x00000000eb380000,0x00000000eb380000,0x00000000ecd80000)
 ParOldGen       total 210432K, used 38167K [0x0000000080000000, 0x000000008cd80000, 0x00000000d5580000)
  object space 210432K, 18% used [0x0000000080000000,0x0000000082545d40,0x000000008cd80000)
 Metaspace       used 70495K, capacity 73536K, committed 73752K, reserved 1112064K
  class space    used 9613K, capacity 10222K, committed 10264K, reserved 1048576K
Event: 30.373 GC heap after
Heap after GC invocations=11 (full 3):
 PSYoungGen      total 353280K, used 26609K [0x00000000d5580000, 0x00000000f0900000, 0x0000000100000000)
  eden space 326656K, 0% used [0x00000000d5580000,0x00000000d5580000,0x00000000e9480000)
  from space 26624K, 99% used [0x00000000eb380000,0x00000000ecd7c748,0x00000000ecd80000)
  to   space 31744K, 0% used [0x00000000e9480000,0x00000000e9480000,0x00000000eb380000)
 ParOldGen       total 210432K, used 39972K [0x0000000080000000, 0x000000008cd80000, 0x00000000d5580000)
  object space 210432K, 18% used [0x0000000080000000,0x0000000082709380,0x000000008cd80000)
 Metaspace       used 70495K, capacity 73536K, committed 73752K, reserved 1112064K
  class space    used 9613K, capacity 10222K, committed 10264K, reserved 1048576K
}
Event: 49.877 GC heap before
{Heap before GC invocations=12 (full 3):
 PSYoungGen      total 353280K, used 353265K [0x00000000d5580000, 0x00000000f0900000, 0x0000000100000000)
  eden space 326656K, 100% used [0x00000000d5580000,0x00000000e9480000,0x00000000e9480000)
  from space 26624K, 99% used [0x00000000eb380000,0x00000000ecd7c748,0x00000000ecd80000)
  to   space 31744K, 0% used [0x00000000e9480000,0x00000000e9480000,0x00000000eb380000)
 ParOldGen       total 210432K, used 39972K [0x0000000080000000, 0x000000008cd80000, 0x00000000d5580000)
  object space 210432K, 18% used [0x0000000080000000,0x0000000082709380,0x000000008cd80000)
 Metaspace       used 81994K, capacity 85462K, committed 85784K, reserved 1124352K
  class space    used 10788K, capacity 11475K, committed 11544K, reserved 1048576K
Event: 49.944 GC heap after
Heap after GC invocations=12 (full 3):
 PSYoungGen      total 358400K, used 31727K [0x00000000d5580000, 0x00000000f0e80000, 0x0000000100000000)
  eden space 326656K, 0% used [0x00000000d5580000,0x00000000d5580000,0x00000000e9480000)
  from space 31744K, 99% used [0x00000000e9480000,0x00000000eb37bc78,0x00000000eb380000)
  to   space 40960K, 0% used [0x00000000ee680000,0x00000000ee680000,0x00000000f0e80000)
 ParOldGen       total 210432K, used 50399K [0x0000000080000000, 0x000000008cd80000, 0x00000000d5580000)
  object space 210432K, 23% used [0x0000000080000000,0x0000000083137cd8,0x000000008cd80000)
 Metaspace       used 81994K, capacity 85462K, committed 85784K, reserved 1124352K
  class space    used 10788K, capacity 11475K, committed 11544K, reserved 1048576K
}
Event: 62.953 GC heap before
{Heap before GC invocations=13 (full 3):
 PSYoungGen      total 358400K, used 239586K [0x00000000d5580000, 0x00000000f0e80000, 0x0000000100000000)
  eden space 326656K, 63% used [0x00000000d5580000,0x00000000e207cdd8,0x00000000e9480000)
  from space 31744K, 99% used [0x00000000e9480000,0x00000000eb37bc78,0x00000000eb380000)
  to   space 40960K, 0% used [0x00000000ee680000,0x00000000ee680000,0x00000000f0e80000)
 ParOldGen       total 210432K, used 50399K [0x0000000080000000, 0x000000008cd80000, 0x00000000d5580000)
  object space 210432K, 23% used [0x0000000080000000,0x0000000083137cd8,0x000000008cd80000)
 Metaspace       used 94048K, capacity 98510K, committed 98600K, reserved 1134592K
  class space    used 12524K, capacity 13411K, committed 13464K, reserved 1048576K
Event: 63.038 GC heap after
Heap after GC invocations=13 (full 3):
 PSYoungGen      total 400384K, used 40957K [0x00000000d5580000, 0x00000000f2080000, 0x0000000100000000)
  eden space 359424K, 0% used [0x00000000d5580000,0x00000000d5580000,0x00000000eb480000)
  from space 40960K, 99% used [0x00000000ee680000,0x00000000f0e7f5b0,0x00000000f0e80000)
  to   space 51200K, 0% used [0x00000000eb480000,0x00000000eb480000,0x00000000ee680000)
 ParOldGen       total 210432K, used 61304K [0x0000000080000000, 0x000000008cd80000, 0x00000000d5580000)
  object space 210432K, 29% used [0x0000000080000000,0x0000000083bde3a8,0x000000008cd80000)
 Metaspace       used 94048K, capacity 98510K, committed 98600K, reserved 1134592K
  class space    used 12524K, capacity 13411K, committed 13464K, reserved 1048576K
}
Event: 63.038 GC heap before
{Heap before GC invocations=14 (full 4):
 PSYoungGen      total 400384K, used 40957K [0x00000000d5580000, 0x00000000f2080000, 0x0000000100000000)
  eden space 359424K, 0% used [0x00000000d5580000,0x00000000d5580000,0x00000000eb480000)
  from space 40960K, 99% used [0x00000000ee680000,0x00000000f0e7f5b0,0x00000000f0e80000)
  to   space 51200K, 0% used [0x00000000eb480000,0x00000000eb480000,0x00000000ee680000)
 ParOldGen       total 210432K, used 61304K [0x0000000080000000, 0x000000008cd80000, 0x00000000d5580000)
  object space 210432K, 29% used [0x0000000080000000,0x0000000083bde3a8,0x000000008cd80000)
 Metaspace       used 94048K, capacity 98510K, committed 98600K, reserved 1134592K
  class space    used 12524K, capacity 13411K, committed 13464K, reserved 1048576K
Event: 63.623 GC heap after
Heap after GC invocations=14 (full 4):
 PSYoungGen      total 400384K, used 0K [0x00000000d5580000, 0x00000000f2080000, 0x0000000100000000)
  eden space 359424K, 0% used [0x00000000d5580000,0x00000000d5580000,0x00000000eb480000)
  from space 40960K, 0% used [0x00000000ee680000,0x00000000ee680000,0x00000000f0e80000)
  to   space 51200K, 0% used [0x00000000eb480000,0x00000000eb480000,0x00000000ee680000)
 ParOldGen       total 325120K, used 73523K [0x0000000080000000, 0x0000000093d80000, 0x00000000d5580000)
  object space 325120K, 22% used [0x0000000080000000,0x00000000847ccc58,0x0000000093d80000)
 Metaspace       used 93353K, capacity 97558K, committed 98600K, reserved 1134592K
  class space    used 12484K, capacity 13321K, committed 13464K, reserved 1048576K
}

