# JRE version: OpenJDK Runtime Environment (8.0_242-b01) (build 1.8.0_242-release-1644-b01)
# Java VM: OpenJDK 64-Bit Server VM (25.242-b01 mixed mode windows-amd64 compressed oops)
Heap:
 PSYoungGen      total 407040K, used 400345K [0x00000000d5580000, 0x00000000f0c00000, 0x0000000100000000)
  eden space 367104K, 98% used [0x00000000d5580000,0x00000000eb5798b8,0x00000000ebc00000)
  from space 39936K, 99% used [0x00000000ebc00000,0x00000000ee2fcef8,0x00000000ee300000)
  to   space 39936K, 20% used [0x00000000ee300000,0x00000000eeade9b8,0x00000000f0a00000)
 ParOldGen       total 305664K, used 140007K [0x0000000080000000, 0x0000000092a80000, 0x00000000d5580000)
  object space 305664K, 45% used [0x0000000080000000,0x00000000888bbc80,0x0000000092a80000)
 Metaspace       used 142726K, capacity 147927K, committed 148248K, reserved 1177600K
  class space    used 18092K, capacity 19113K, committed 19240K, reserved 1048576K
GC Heap History (10 events):
Event: 21.404 GC heap after
Heap after GC invocations=13 (full 3):
 PSYoungGen      total 342528K, used 22517K [0x00000000d5580000, 0x00000000ed200000, 0x0000000100000000)
  eden space 320000K, 0% used [0x00000000d5580000,0x00000000d5580000,0x00000000e8e00000)
  from space 22528K, 99% used [0x00000000ea900000,0x00000000ebefd568,0x00000000ebf00000)
  to   space 27648K, 0% used [0x00000000e8e00000,0x00000000e8e00000,0x00000000ea900000)
 ParOldGen       total 185344K, used 46567K [0x0000000080000000, 0x000000008b500000, 0x00000000d5580000)
  object space 185344K, 25% used [0x0000000080000000,0x0000000082d79c70,0x000000008b500000)
 Metaspace       used 68173K, capacity 71322K, committed 71576K, reserved 1112064K
  class space    used 9248K, capacity 9850K, committed 9896K, reserved 1048576K
}
Event: 27.297 GC heap before
{Heap before GC invocations=14 (full 3):
 PSYoungGen      total 342528K, used 342517K [0x00000000d5580000, 0x00000000ed200000, 0x0000000100000000)
  eden space 320000K, 100% used [0x00000000d5580000,0x00000000e8e00000,0x00000000e8e00000)
  from space 22528K, 99% used [0x00000000ea900000,0x00000000ebefd568,0x00000000ebf00000)
  to   space 27648K, 0% used [0x00000000e8e00000,0x00000000e8e00000,0x00000000ea900000)
 ParOldGen       total 185344K, used 46567K [0x0000000080000000, 0x000000008b500000, 0x00000000d5580000)
  object space 185344K, 25% used [0x0000000080000000,0x0000000082d79c70,0x000000008b500000)
 Metaspace       used 82014K, capacity 85944K, committed 86040K, reserved 1124352K
  class space    used 10971K, capacity 11807K, committed 11816K, reserved 1048576K
Event: 27.350 GC heap after
Heap after GC invocations=14 (full 3):
 PSYoungGen      total 347648K, used 27645K [0x00000000d5580000, 0x00000000f0a00000, 0x0000000100000000)
  eden space 320000K, 0% used [0x00000000d5580000,0x00000000d5580000,0x00000000e8e00000)
  from space 27648K, 99% used [0x00000000e8e00000,0x00000000ea8ff708,0x00000000ea900000)
  to   space 39936K, 0% used [0x00000000ee300000,0x00000000ee300000,0x00000000f0a00000)
 ParOldGen       total 185344K, used 68728K [0x0000000080000000, 0x000000008b500000, 0x00000000d5580000)
  object space 185344K, 37% used [0x0000000080000000,0x000000008431e230,0x000000008b500000)
 Metaspace       used 82014K, capacity 85944K, committed 86040K, reserved 1124352K
  class space    used 10971K, capacity 11807K, committed 11816K, reserved 1048576K
}
Event: 29.724 GC heap before
{Heap before GC invocations=15 (full 3):
 PSYoungGen      total 347648K, used 137304K [0x00000000d5580000, 0x00000000f0a00000, 0x0000000100000000)
  eden space 320000K, 34% used [0x00000000d5580000,0x00000000dc096a00,0x00000000e8e00000)
  from space 27648K, 99% used [0x00000000e8e00000,0x00000000ea8ff708,0x00000000ea900000)
  to   space 39936K, 0% used [0x00000000ee300000,0x00000000ee300000,0x00000000f0a00000)
 ParOldGen       total 185344K, used 68728K [0x0000000080000000, 0x000000008b500000, 0x00000000d5580000)
  object space 185344K, 37% used [0x0000000080000000,0x000000008431e230,0x000000008b500000)
 Metaspace       used 93936K, capacity 98342K, committed 98584K, reserved 1134592K
  class space    used 12346K, capacity 13245K, committed 13352K, reserved 1048576K
Event: 29.767 GC heap after
Heap after GC invocations=15 (full 3):
 PSYoungGen      total 407040K, used 22559K [0x00000000d5580000, 0x00000000f0c00000, 0x0000000100000000)
  eden space 367104K, 0% used [0x00000000d5580000,0x00000000d5580000,0x00000000ebc00000)
  from space 39936K, 56% used [0x00000000ee300000,0x00000000ef907ee8,0x00000000f0a00000)
  to   space 39936K, 0% used [0x00000000ebc00000,0x00000000ebc00000,0x00000000ee300000)
 ParOldGen       total 185344K, used 86433K [0x0000000080000000, 0x000000008b500000, 0x00000000d5580000)
  object space 185344K, 46% used [0x0000000080000000,0x0000000085468718,0x000000008b500000)
 Metaspace       used 93936K, capacity 98342K, committed 98584K, reserved 1134592K
  class space    used 12346K, capacity 13245K, committed 13352K, reserved 1048576K
}
Event: 29.767 GC heap before
{Heap before GC invocations=16 (full 4):
 PSYoungGen      total 407040K, used 22559K [0x00000000d5580000, 0x00000000f0c00000, 0x0000000100000000)
  eden space 367104K, 0% used [0x00000000d5580000,0x00000000d5580000,0x00000000ebc00000)
  from space 39936K, 56% used [0x00000000ee300000,0x00000000ef907ee8,0x00000000f0a00000)
  to   space 39936K, 0% used [0x00000000ebc00000,0x00000000ebc00000,0x00000000ee300000)
 ParOldGen       total 185344K, used 86433K [0x0000000080000000, 0x000000008b500000, 0x00000000d5580000)
  object space 185344K, 46% used [0x0000000080000000,0x0000000085468718,0x000000008b500000)
 Metaspace       used 93936K, capacity 98342K, committed 98584K, reserved 1134592K
  class space    used 12346K, capacity 13245K, committed 13352K, reserved 1048576K
Event: 30.257 GC heap after
Heap after GC invocations=16 (full 4):
 PSYoungGen      total 407040K, used 0K [0x00000000d5580000, 0x00000000f0c00000, 0x0000000100000000)
  eden space 367104K, 0% used [0x00000000d5580000,0x00000000d5580000,0x00000000ebc00000)
  from space 39936K, 0% used [0x00000000ee300000,0x00000000ee300000,0x00000000f0a00000)
  to   space 39936K, 0% used [0x00000000ebc00000,0x00000000ebc00000,0x00000000ee300000)
 ParOldGen       total 305664K, used 89355K [0x0000000080000000, 0x0000000092a80000, 0x00000000d5580000)
  object space 305664K, 29% used [0x0000000080000000,0x0000000085742f10,0x0000000092a80000)
 Metaspace       used 93772K, capacity 97956K, committed 98584K, reserved 1134592K
  class space    used 12298K, capacity 13154K, committed 13352K, reserved 1048576K
}
Event: 45.064 GC heap before
{Heap before GC invocations=17 (full 4):
 PSYoungGen      total 407040K, used 367104K [0x00000000d5580000, 0x00000000f0c00000, 0x0000000100000000)
  eden space 367104K, 100% used [0x00000000d5580000,0x00000000ebc00000,0x00000000ebc00000)
  from space 39936K, 0% used [0x00000000ee300000,0x00000000ee300000,0x00000000f0a00000)
  to   space 39936K, 0% used [0x00000000ebc00000,0x00000000ebc00000,0x00000000ee300000)
 ParOldGen       total 305664K, used 89355K [0x0000000080000000, 0x0000000092a80000, 0x00000000d5580000)
  object space 305664K, 29% used [0x0000000080000000,0x0000000085742f10,0x0000000092a80000)
 Metaspace       used 124684K, capacity 129579K, committed 129816K, reserved 1161216K
  class space    used 16084K, capacity 17073K, committed 17192K, reserved 1048576K
Event: 45.162 GC heap after
Heap after GC invocations=17 (full 4):
 PSYoungGen      total 407040K, used 39923K [0x00000000d5580000, 0x00000000f0c00000, 0x0000000100000000)
  eden space 367104K, 0% used [0x00000000d5580000,0x00000000d5580000,0x00000000ebc00000)
  from space 39936K, 99% used [0x00000000ebc00000,0x00000000ee2fcef8,0x00000000ee300000)
  to   space 39936K, 0% used [0x00000000ee300000,0x00000000ee300000,0x00000000f0a00000)
 ParOldGen       total 305664K, used 119683K [0x0000000080000000, 0x0000000092a80000, 0x00000000d5580000)
  object space 305664K, 39% used [0x0000000080000000,0x00000000874e0dd8,0x0000000092a80000)
 Metaspace       used 124684K, capacity 129579K, committed 129816K, reserved 1161216K
  class space    used 16084K, capacity 17073K, committed 17192K, reserved 1048576K
}
Event: 51.226 GC heap before
{Heap before GC invocations=18 (full 4):
 PSYoungGen      total 407040K, used 400345K [0x00000000d5580000, 0x00000000f0c00000, 0x0000000100000000)
  eden space 367104K, 98% used [0x00000000d5580000,0x00000000eb5798b8,0x00000000ebc00000)
  from space 39936K, 99% used [0x00000000ebc00000,0x00000000ee2fcef8,0x00000000ee300000)
  to   space 39936K, 0% used [0x00000000ee300000,0x00000000ee300000,0x00000000f0a00000)
 ParOldGen       total 305664K, used 119683K [0x0000000080000000, 0x0000000092a80000, 0x00000000d5580000)
  object space 305664K, 39% used [0x0000000080000000,0x00000000874e0dd8,0x0000000092a80000)
 Metaspace       used 142726K, capacity 147927K, committed 148248K, reserved 1177600K
  class space    used 18092K, capacity 19113K, committed 19240K, reserved 1048576K

