# JRE version: OpenJDK Runtime Environment (8.0_242-b01) (build 1.8.0_242-release-1644-b01)
# Java VM: OpenJDK 64-Bit Server VM (25.242-b01 mixed mode windows-amd64 compressed oops)
Heap:
 PSYoungGen      total 472576K, used 449157K [0x00000000d5580000, 0x00000000fa500000, 0x0000000100000000)
  eden space 363008K, 96% used [0x00000000d5580000,0x00000000eaa7d728,0x00000000eb800000)
  from space 109568K, 91% used [0x00000000f3a00000,0x00000000f9ba3f60,0x00000000fa500000)
  to   space 101376K, 0% used [0x00000000eb800000,0x00000000eb800000,0x00000000f1b00000)
 ParOldGen       total 247808K, used 181940K [0x0000000080000000, 0x000000008f200000, 0x00000000d5580000)
  object space 247808K, 73% used [0x0000000080000000,0x000000008b1ad348,0x000000008f200000)
 Metaspace       used 177222K, capacity 186137K, committed 186264K, reserved 1212416K
  class space    used 21783K, capacity 23333K, committed 23456K, reserved 1048576K
GC Heap History (10 events):
Event: 10142.364 GC heap before
{Heap before GC invocations=34 (full 6):
 PSYoungGen      total 411136K, used 411021K [0x00000000d5580000, 0x00000000f2700000, 0x0000000100000000)
  eden space 385536K, 100% used [0x00000000d5580000,0x00000000ece00000,0x00000000ece00000)
  from space 25600K, 99% used [0x00000000eea00000,0x00000000f02e3710,0x00000000f0300000)
  to   space 36864K, 0% used [0x00000000f0300000,0x00000000f0300000,0x00000000f2700000)
 ParOldGen       total 247808K, used 75433K [0x0000000080000000, 0x000000008f200000, 0x00000000d5580000)
  object space 247808K, 30% used [0x0000000080000000,0x00000000849aa718,0x000000008f200000)
 Metaspace       used 113620K, capacity 120608K, committed 120984K, reserved 1155072K
  class space    used 14186K, capacity 15416K, committed 15520K, reserved 1048576K
Event: 10142.389 GC heap after
Heap after GC invocations=34 (full 6):
 PSYoungGen      total 425984K, used 10732K [0x00000000d5580000, 0x00000000f2880000, 0x0000000100000000)
  eden space 389120K, 0% used [0x00000000d5580000,0x00000000d5580000,0x00000000ed180000)
  from space 36864K, 29% used [0x00000000f0300000,0x00000000f0d7b3e0,0x00000000f2700000)
  to   space 44544K, 0% used [0x00000000ed180000,0x00000000ed180000,0x00000000efd00000)
 ParOldGen       total 247808K, used 75441K [0x0000000080000000, 0x000000008f200000, 0x00000000d5580000)
  object space 247808K, 30% used [0x0000000080000000,0x00000000849ac718,0x000000008f200000)
 Metaspace       used 113620K, capacity 120608K, committed 120984K, reserved 1155072K
  class space    used 14186K, capacity 15416K, committed 15520K, reserved 1048576K
}
Event: 10162.801 GC heap before
{Heap before GC invocations=35 (full 6):
 PSYoungGen      total 425984K, used 399852K [0x00000000d5580000, 0x00000000f2880000, 0x0000000100000000)
  eden space 389120K, 100% used [0x00000000d5580000,0x00000000ed180000,0x00000000ed180000)
  from space 36864K, 29% used [0x00000000f0300000,0x00000000f0d7b3e0,0x00000000f2700000)
  to   space 44544K, 0% used [0x00000000ed180000,0x00000000ed180000,0x00000000efd00000)
 ParOldGen       total 247808K, used 75441K [0x0000000080000000, 0x000000008f200000, 0x00000000d5580000)
  object space 247808K, 30% used [0x0000000080000000,0x00000000849ac718,0x000000008f200000)
 Metaspace       used 154774K, capacity 163203K, committed 163352K, reserved 1191936K
  class space    used 19226K, capacity 20720K, committed 20768K, reserved 1048576K
Event: 10162.982 GC heap after
Heap after GC invocations=35 (full 6):
 PSYoungGen      total 433664K, used 44526K [0x00000000d5580000, 0x00000000f5a80000, 0x0000000100000000)
  eden space 389120K, 0% used [0x00000000d5580000,0x00000000d5580000,0x00000000ed180000)
  from space 44544K, 99% used [0x00000000ed180000,0x00000000efcfb980,0x00000000efd00000)
  to   space 65024K, 0% used [0x00000000f1b00000,0x00000000f1b00000,0x00000000f5a80000)
 ParOldGen       total 247808K, used 112909K [0x0000000080000000, 0x000000008f200000, 0x00000000d5580000)
  object space 247808K, 45% used [0x0000000080000000,0x0000000086e43410,0x000000008f200000)
 Metaspace       used 154774K, capacity 163203K, committed 163352K, reserved 1191936K
  class space    used 19226K, capacity 20720K, committed 20768K, reserved 1048576K
}
Event: 10184.177 GC heap before
{Heap before GC invocations=36 (full 6):
 PSYoungGen      total 433664K, used 433646K [0x00000000d5580000, 0x00000000f5a80000, 0x0000000100000000)
  eden space 389120K, 100% used [0x00000000d5580000,0x00000000ed180000,0x00000000ed180000)
  from space 44544K, 99% used [0x00000000ed180000,0x00000000efcfb980,0x00000000efd00000)
  to   space 65024K, 0% used [0x00000000f1b00000,0x00000000f1b00000,0x00000000f5a80000)
 ParOldGen       total 247808K, used 112909K [0x0000000080000000, 0x000000008f200000, 0x00000000d5580000)
  object space 247808K, 45% used [0x0000000080000000,0x0000000086e43410,0x000000008f200000)
 Metaspace       used 170329K, capacity 179033K, committed 179352K, reserved 1206272K
  class space    used 21135K, capacity 22649K, committed 22688K, reserved 1048576K
Event: 10184.391 GC heap after
Heap after GC invocations=36 (full 6):
 PSYoungGen      total 428032K, used 64997K [0x00000000d5580000, 0x00000000fa700000, 0x0000000100000000)
  eden space 363008K, 0% used [0x00000000d5580000,0x00000000d5580000,0x00000000eb800000)
  from space 65024K, 99% used [0x00000000f1b00000,0x00000000f5a794e8,0x00000000f5a80000)
  to   space 101376K, 0% used [0x00000000eb800000,0x00000000eb800000,0x00000000f1b00000)
 ParOldGen       total 247808K, used 181905K [0x0000000080000000, 0x000000008f200000, 0x00000000d5580000)
  object space 247808K, 73% used [0x0000000080000000,0x000000008b1a4718,0x000000008f200000)
 Metaspace       used 170329K, capacity 179033K, committed 179352K, reserved 1206272K
  class space    used 21135K, capacity 22649K, committed 22688K, reserved 1048576K
}
Event: 10195.468 GC heap before
{Heap before GC invocations=37 (full 6):
 PSYoungGen      total 428032K, used 427919K [0x00000000d5580000, 0x00000000fa700000, 0x0000000100000000)
  eden space 363008K, 99% used [0x00000000d5580000,0x00000000eb7ea8e0,0x00000000eb800000)
  from space 65024K, 99% used [0x00000000f1b00000,0x00000000f5a794e8,0x00000000f5a80000)
  to   space 101376K, 0% used [0x00000000eb800000,0x00000000eb800000,0x00000000f1b00000)
 ParOldGen       total 247808K, used 181905K [0x0000000080000000, 0x000000008f200000, 0x00000000d5580000)
  object space 247808K, 73% used [0x0000000080000000,0x000000008b1a4718,0x000000008f200000)
 Metaspace       used 176866K, capacity 185621K, committed 185880K, reserved 1212416K
  class space    used 21744K, capacity 23267K, committed 23328K, reserved 1048576K
Event: 10195.668 GC heap after
Heap after GC invocations=37 (full 6):
 PSYoungGen      total 464384K, used 76495K [0x00000000d5580000, 0x00000000fa500000, 0x0000000100000000)
  eden space 363008K, 0% used [0x00000000d5580000,0x00000000d5580000,0x00000000eb800000)
  from space 101376K, 75% used [0x00000000eb800000,0x00000000f02b3f88,0x00000000f1b00000)
  to   space 109568K, 0% used [0x00000000f3a00000,0x00000000f3a00000,0x00000000fa500000)
 ParOldGen       total 247808K, used 181932K [0x0000000080000000, 0x000000008f200000, 0x00000000d5580000)
  object space 247808K, 73% used [0x0000000080000000,0x000000008b1ab348,0x000000008f200000)
 Metaspace       used 176866K, capacity 185621K, committed 185880K, reserved 1212416K
  class space    used 21744K, capacity 23267K, committed 23328K, reserved 1048576K
}
Event: 10201.142 GC heap before
{Heap before GC invocations=38 (full 6):
 PSYoungGen      total 464384K, used 439503K [0x00000000d5580000, 0x00000000fa500000, 0x0000000100000000)
  eden space 363008K, 100% used [0x00000000d5580000,0x00000000eb800000,0x00000000eb800000)
  from space 101376K, 75% used [0x00000000eb800000,0x00000000f02b3f88,0x00000000f1b00000)
  to   space 109568K, 0% used [0x00000000f3a00000,0x00000000f3a00000,0x00000000fa500000)
 ParOldGen       total 247808K, used 181932K [0x0000000080000000, 0x000000008f200000, 0x00000000d5580000)
  object space 247808K, 73% used [0x0000000080000000,0x000000008b1ab348,0x000000008f200000)
 Metaspace       used 177022K, capacity 185815K, committed 185880K, reserved 1212416K
  class space    used 21758K, capacity 23282K, committed 23328K, reserved 1048576K
Event: 10201.540 GC heap after
Heap after GC invocations=38 (full 6):
 PSYoungGen      total 472576K, used 99983K [0x00000000d5580000, 0x00000000fa500000, 0x0000000100000000)
  eden space 363008K, 0% used [0x00000000d5580000,0x00000000d5580000,0x00000000eb800000)
  from space 109568K, 91% used [0x00000000f3a00000,0x00000000f9ba3f60,0x00000000fa500000)
  to   space 101376K, 0% used [0x00000000eb800000,0x00000000eb800000,0x00000000f1b00000)
 ParOldGen       total 247808K, used 181940K [0x0000000080000000, 0x000000008f200000, 0x00000000d5580000)
  object space 247808K, 73% used [0x0000000080000000,0x000000008b1ad348,0x000000008f200000)
 Metaspace       used 177022K, capacity 185815K, committed 185880K, reserved 1212416K
  class space    used 21758K, capacity 23282K, committed 23328K, reserved 1048576K
}

