# JRE version: OpenJDK Runtime Environment (8.0_242-b01) (build 1.8.0_242-release-1644-b01)
# Java VM: OpenJDK 64-Bit Server VM (25.242-b01 mixed mode windows-amd64 compressed oops)
Heap:
 PSYoungGen      total 407552K, used 50902K [0x00000000d5580000, 0x00000000f2480000, 0x0000000100000000)
  eden space 369664K, 3% used [0x00000000d5580000,0x00000000d6239008,0x00000000ebe80000)
  from space 37888K, 99% used [0x00000000eed80000,0x00000000f127cbc8,0x00000000f1280000)
  to   space 48128K, 0% used [0x00000000ebe80000,0x00000000ebe80000,0x00000000eed80000)
 ParOldGen       total 281088K, used 144358K [0x0000000080000000, 0x0000000091280000, 0x00000000d5580000)
  object space 281088K, 51% used [0x0000000080000000,0x0000000088cf9840,0x0000000091280000)
 Metaspace       used 124783K, capacity 131914K, committed 132120K, reserved 1165312K
  class space    used 15756K, capacity 17186K, committed 17200K, reserved 1048576K
GC Heap History (10 events):
Event: 8380.193 GC heap before
{Heap before GC invocations=24 (full 6):
 PSYoungGen      total 403456K, used 4115K [0x00000000d5580000, 0x00000000f0080000, 0x0000000100000000)
  eden space 369664K, 0% used [0x00000000d5580000,0x00000000d5580000,0x00000000ebe80000)
  from space 33792K, 12% used [0x00000000edf80000,0x00000000ee384df0,0x00000000f0080000)
  to   space 33792K, 0% used [0x00000000ebe80000,0x00000000ebe80000,0x00000000edf80000)
 ParOldGen       total 281088K, used 45773K [0x0000000080000000, 0x0000000091280000, 0x00000000d5580000)
  object space 281088K, 16% used [0x0000000080000000,0x0000000082cb3498,0x0000000091280000)
 Metaspace       used 101591K, capacity 106498K, committed 107672K, reserved 1142784K
  class space    used 12851K, capacity 13795K, committed 14000K, reserved 1048576K
Event: 8381.373 GC heap after
Heap after GC invocations=24 (full 6):
 PSYoungGen      total 403456K, used 0K [0x00000000d5580000, 0x00000000f0080000, 0x0000000100000000)
  eden space 369664K, 0% used [0x00000000d5580000,0x00000000d5580000,0x00000000ebe80000)
  from space 33792K, 0% used [0x00000000edf80000,0x00000000edf80000,0x00000000f0080000)
  to   space 33792K, 0% used [0x00000000ebe80000,0x00000000ebe80000,0x00000000edf80000)
 ParOldGen       total 281088K, used 47535K [0x0000000080000000, 0x0000000091280000, 0x00000000d5580000)
  object space 281088K, 16% used [0x0000000080000000,0x0000000082e6be28,0x0000000091280000)
 Metaspace       used 100791K, capacity 105414K, committed 107672K, reserved 1142784K
  class space    used 12797K, capacity 13676K, committed 14000K, reserved 1048576K
}
Event: 9422.869 GC heap before
{Heap before GC invocations=25 (full 6):
 PSYoungGen      total 403456K, used 369664K [0x00000000d5580000, 0x00000000f0080000, 0x0000000100000000)
  eden space 369664K, 100% used [0x00000000d5580000,0x00000000ebe80000,0x00000000ebe80000)
  from space 33792K, 0% used [0x00000000edf80000,0x00000000edf80000,0x00000000f0080000)
  to   space 33792K, 0% used [0x00000000ebe80000,0x00000000ebe80000,0x00000000edf80000)
 ParOldGen       total 281088K, used 47535K [0x0000000080000000, 0x0000000091280000, 0x00000000d5580000)
  object space 281088K, 16% used [0x0000000080000000,0x0000000082e6be28,0x0000000091280000)
 Metaspace       used 114334K, capacity 120058K, committed 120216K, reserved 1153024K
  class space    used 14546K, capacity 15670K, committed 15792K, reserved 1048576K
Event: 9422.968 GC heap after
Heap after GC invocations=25 (full 6):
 PSYoungGen      total 403456K, used 30228K [0x00000000d5580000, 0x00000000f1280000, 0x0000000100000000)
  eden space 369664K, 0% used [0x00000000d5580000,0x00000000d5580000,0x00000000ebe80000)
  from space 33792K, 89% used [0x00000000ebe80000,0x00000000edc05258,0x00000000edf80000)
  to   space 37888K, 0% used [0x00000000eed80000,0x00000000eed80000,0x00000000f1280000)
 ParOldGen       total 281088K, used 47543K [0x0000000080000000, 0x0000000091280000, 0x00000000d5580000)
  object space 281088K, 16% used [0x0000000080000000,0x0000000082e6de28,0x0000000091280000)
 Metaspace       used 114334K, capacity 120058K, committed 120216K, reserved 1153024K
  class space    used 14546K, capacity 15670K, committed 15792K, reserved 1048576K
}
Event: 9996.869 GC heap before
{Heap before GC invocations=26 (full 6):
 PSYoungGen      total 403456K, used 399892K [0x00000000d5580000, 0x00000000f1280000, 0x0000000100000000)
  eden space 369664K, 100% used [0x00000000d5580000,0x00000000ebe80000,0x00000000ebe80000)
  from space 33792K, 89% used [0x00000000ebe80000,0x00000000edc05258,0x00000000edf80000)
  to   space 37888K, 0% used [0x00000000eed80000,0x00000000eed80000,0x00000000f1280000)
 ParOldGen       total 281088K, used 47543K [0x0000000080000000, 0x0000000091280000, 0x00000000d5580000)
  object space 281088K, 16% used [0x0000000080000000,0x0000000082e6de28,0x0000000091280000)
 Metaspace       used 122234K, capacity 129142K, committed 129304K, reserved 1161216K
  class space    used 15583K, capacity 16930K, committed 16944K, reserved 1048576K
Event: 9997.066 GC heap after
Heap after GC invocations=26 (full 6):
 PSYoungGen      total 407552K, used 37862K [0x00000000d5580000, 0x00000000f2480000, 0x0000000100000000)
  eden space 369664K, 0% used [0x00000000d5580000,0x00000000d5580000,0x00000000ebe80000)
  from space 37888K, 99% used [0x00000000eed80000,0x00000000f12799e8,0x00000000f1280000)
  to   space 48128K, 0% used [0x00000000ebe80000,0x00000000ebe80000,0x00000000eed80000)
 ParOldGen       total 281088K, used 59350K [0x0000000080000000, 0x0000000091280000, 0x00000000d5580000)
  object space 281088K, 21% used [0x0000000080000000,0x00000000839f5b58,0x0000000091280000)
 Metaspace       used 122234K, capacity 129142K, committed 129304K, reserved 1161216K
  class space    used 15583K, capacity 16930K, committed 16944K, reserved 1048576K
}
Event: 10004.974 GC heap before
{Heap before GC invocations=27 (full 6):
 PSYoungGen      total 407552K, used 407526K [0x00000000d5580000, 0x00000000f2480000, 0x0000000100000000)
  eden space 369664K, 100% used [0x00000000d5580000,0x00000000ebe80000,0x00000000ebe80000)
  from space 37888K, 99% used [0x00000000eed80000,0x00000000f12799e8,0x00000000f1280000)
  to   space 48128K, 0% used [0x00000000ebe80000,0x00000000ebe80000,0x00000000eed80000)
 ParOldGen       total 281088K, used 59350K [0x0000000080000000, 0x0000000091280000, 0x00000000d5580000)
  object space 281088K, 21% used [0x0000000080000000,0x00000000839f5b58,0x0000000091280000)
 Metaspace       used 122975K, capacity 129998K, committed 130200K, reserved 1163264K
  class space    used 15663K, capacity 17034K, committed 17072K, reserved 1048576K
Event: 10005.308 GC heap after
Heap after GC invocations=27 (full 6):
 PSYoungGen      total 417792K, used 48097K [0x00000000d5580000, 0x00000000f2480000, 0x0000000100000000)
  eden space 369664K, 0% used [0x00000000d5580000,0x00000000d5580000,0x00000000ebe80000)
  from space 48128K, 99% used [0x00000000ebe80000,0x00000000eed78410,0x00000000eed80000)
  to   space 37888K, 0% used [0x00000000eed80000,0x00000000eed80000,0x00000000f1280000)
 ParOldGen       total 281088K, used 130656K [0x0000000080000000, 0x0000000091280000, 0x00000000d5580000)
  object space 281088K, 46% used [0x0000000080000000,0x0000000087f98230,0x0000000091280000)
 Metaspace       used 122975K, capacity 129998K, committed 130200K, reserved 1163264K
  class space    used 15663K, capacity 17034K, committed 17072K, reserved 1048576K
}
Event: 10032.970 GC heap before
{Heap before GC invocations=28 (full 6):
 PSYoungGen      total 417792K, used 417761K [0x00000000d5580000, 0x00000000f2480000, 0x0000000100000000)
  eden space 369664K, 100% used [0x00000000d5580000,0x00000000ebe80000,0x00000000ebe80000)
  from space 48128K, 99% used [0x00000000ebe80000,0x00000000eed78410,0x00000000eed80000)
  to   space 37888K, 0% used [0x00000000eed80000,0x00000000eed80000,0x00000000f1280000)
 ParOldGen       total 281088K, used 130656K [0x0000000080000000, 0x0000000091280000, 0x00000000d5580000)
  object space 281088K, 46% used [0x0000000080000000,0x0000000087f98230,0x0000000091280000)
 Metaspace       used 124766K, capacity 131910K, committed 132120K, reserved 1165312K
  class space    used 15756K, capacity 17186K, committed 17200K, reserved 1048576K
Event: 10033.084 GC heap after
Heap after GC invocations=28 (full 6):
 PSYoungGen      total 407552K, used 37874K [0x00000000d5580000, 0x00000000f2480000, 0x0000000100000000)
  eden space 369664K, 0% used [0x00000000d5580000,0x00000000d5580000,0x00000000ebe80000)
  from space 37888K, 99% used [0x00000000eed80000,0x00000000f127cbc8,0x00000000f1280000)
  to   space 48128K, 0% used [0x00000000ebe80000,0x00000000ebe80000,0x00000000eed80000)
 ParOldGen       total 281088K, used 144358K [0x0000000080000000, 0x0000000091280000, 0x00000000d5580000)
  object space 281088K, 51% used [0x0000000080000000,0x0000000088cf9840,0x0000000091280000)
 Metaspace       used 124766K, capacity 131910K, committed 132120K, reserved 1165312K
  class space    used 15756K, capacity 17186K, committed 17200K, reserved 1048576K
}

