# JRE version: OpenJDK Runtime Environment (11.0.11+9) (build 11.0.11+9-b60-7590822)
# Java VM: OpenJDK 64-Bit Server VM (11.0.11+9-b60-7590822, mixed mode, tiered, compressed oops, g1 gc, windows-amd64)
Heap:
 garbage-first heap   total 717824K, used 182659K [0x0000000080000000, 0x0000000100000000)
  region size 1024K, 9 young (9216K), 9 survivors (9216K)
 Metaspace       used 141628K, capacity 145359K, committed 145568K, reserved 1177600K
  class space    used 17028K, capacity 18433K, committed 18508K, reserved 1048576K
GC Heap History (20 events):
Event: 5853.647 GC heap after
{Heap after GC invocations=83 (full 0):
 garbage-first heap   total 236544K, used 131419K [0x0000000080000000, 0x0000000100000000)
  region size 1024K, 8 young (8192K), 8 survivors (8192K)
 Metaspace       used 141372K, capacity 145005K, committed 145312K, reserved 1175552K
  class space    used 17017K, capacity 18385K, committed 18508K, reserved 1048576K
}
Event: 5854.343 GC heap before
{Heap before GC invocations=84 (full 0):
 garbage-first heap   total 236544K, used 190811K [0x0000000080000000, 0x0000000100000000)
  region size 1024K, 67 young (68608K), 8 survivors (8192K)
 Metaspace       used 141398K, capacity 145011K, committed 145312K, reserved 1175552K
  class space    used 17017K, capacity 18386K, committed 18508K, reserved 1048576K
}
Event: 5854.368 GC heap after
{Heap after GC invocations=85 (full 0):
 garbage-first heap   total 236544K, used 136119K [0x0000000080000000, 0x0000000100000000)
  region size 1024K, 9 young (9216K), 9 survivors (9216K)
 Metaspace       used 141398K, capacity 145011K, committed 145312K, reserved 1175552K
  class space    used 17017K, capacity 18386K, committed 18508K, reserved 1048576K
}
Event: 5854.387 GC heap before
{Heap before GC invocations=85 (full 0):
 garbage-first heap   total 236544K, used 138167K [0x0000000080000000, 0x0000000100000000)
  region size 1024K, 11 young (11264K), 9 survivors (9216K)
 Metaspace       used 141398K, capacity 145011K, committed 145312K, reserved 1175552K
  class space    used 17017K, capacity 18386K, committed 18508K, reserved 1048576K
}
Event: 5854.416 GC heap after
{Heap after GC invocations=86 (full 0):
 garbage-first heap   total 284672K, used 133982K [0x0000000080000000, 0x0000000100000000)
  region size 1024K, 2 young (2048K), 2 survivors (2048K)
 Metaspace       used 141398K, capacity 145011K, committed 145312K, reserved 1175552K
  class space    used 17017K, capacity 18386K, committed 18508K, reserved 1048576K
}
Event: 5854.875 GC heap before
{Heap before GC invocations=86 (full 0):
 garbage-first heap   total 284672K, used 211806K [0x0000000080000000, 0x0000000100000000)
  region size 1024K, 79 young (80896K), 2 survivors (2048K)
 Metaspace       used 141430K, capacity 145016K, committed 145312K, reserved 1175552K
  class space    used 17018K, capacity 18387K, committed 18508K, reserved 1048576K
}
Event: 5854.904 GC heap after
{Heap after GC invocations=87 (full 0):
 garbage-first heap   total 284672K, used 140044K [0x0000000080000000, 0x0000000100000000)
  region size 1024K, 8 young (8192K), 8 survivors (8192K)
 Metaspace       used 141430K, capacity 145016K, committed 145312K, reserved 1175552K
  class space    used 17018K, capacity 18387K, committed 18508K, reserved 1048576K
}
Event: 5855.785 GC heap before
{Heap before GC invocations=88 (full 0):
 garbage-first heap   total 284672K, used 217868K [0x0000000080000000, 0x0000000100000000)
  region size 1024K, 84 young (86016K), 8 survivors (8192K)
 Metaspace       used 141495K, capacity 145132K, committed 145312K, reserved 1175552K
  class space    used 17022K, capacity 18424K, committed 18508K, reserved 1048576K
}
Event: 5855.820 GC heap after
{Heap after GC invocations=89 (full 0):
 garbage-first heap   total 284672K, used 144366K [0x0000000080000000, 0x0000000100000000)
  region size 1024K, 5 young (5120K), 5 survivors (5120K)
 Metaspace       used 141495K, capacity 145132K, committed 145312K, reserved 1175552K
  class space    used 17022K, capacity 18424K, committed 18508K, reserved 1048576K
}
Event: 5856.077 GC heap before
{Heap before GC invocations=89 (full 0):
 garbage-first heap   total 284672K, used 196590K [0x0000000080000000, 0x0000000100000000)
  region size 1024K, 58 young (59392K), 5 survivors (5120K)
 Metaspace       used 141512K, capacity 145203K, committed 145312K, reserved 1175552K
  class space    used 17023K, capacity 18425K, committed 18508K, reserved 1048576K
}
Event: 5856.106 GC heap after
{Heap after GC invocations=90 (full 0):
 garbage-first heap   total 284672K, used 147438K [0x0000000080000000, 0x0000000100000000)
  region size 1024K, 8 young (8192K), 8 survivors (8192K)
 Metaspace       used 141512K, capacity 145203K, committed 145312K, reserved 1175552K
  class space    used 17023K, capacity 18425K, committed 18508K, reserved 1048576K
}
Event: 5856.878 GC heap before
{Heap before GC invocations=91 (full 0):
 garbage-first heap   total 284672K, used 221166K [0x0000000080000000, 0x0000000100000000)
  region size 1024K, 79 young (80896K), 8 survivors (8192K)
 Metaspace       used 141529K, capacity 145270K, committed 145568K, reserved 1177600K
  class space    used 17023K, capacity 18426K, committed 18508K, reserved 1048576K
}
Event: 5856.904 GC heap after
{Heap after GC invocations=92 (full 0):
 garbage-first heap   total 397312K, used 155216K [0x0000000080000000, 0x0000000100000000)
  region size 1024K, 10 young (10240K), 10 survivors (10240K)
 Metaspace       used 141529K, capacity 145270K, committed 145568K, reserved 1177600K
  class space    used 17023K, capacity 18426K, committed 18508K, reserved 1048576K
}
Event: 5857.602 GC heap before
{Heap before GC invocations=92 (full 0):
 garbage-first heap   total 397312K, used 274000K [0x0000000080000000, 0x0000000100000000)
  region size 1024K, 127 young (130048K), 10 survivors (10240K)
 Metaspace       used 141557K, capacity 145273K, committed 145568K, reserved 1177600K
  class space    used 17024K, capacity 18426K, committed 18508K, reserved 1048576K
}
Event: 5857.696 GC heap after
{Heap after GC invocations=93 (full 0):
 garbage-first heap   total 397312K, used 164206K [0x0000000080000000, 0x0000000100000000)
  region size 1024K, 16 young (16384K), 16 survivors (16384K)
 Metaspace       used 141557K, capacity 145273K, committed 145568K, reserved 1177600K
  class space    used 17024K, capacity 18426K, committed 18508K, reserved 1048576K
}
Event: 5858.981 GC heap before
{Heap before GC invocations=94 (full 0):
 garbage-first heap   total 397312K, used 286062K [0x0000000080000000, 0x0000000100000000)
  region size 1024K, 135 young (138240K), 16 survivors (16384K)
 Metaspace       used 141571K, capacity 145273K, committed 145568K, reserved 1177600K
  class space    used 17024K, capacity 18426K, committed 18508K, reserved 1048576K
}
Event: 5859.045 GC heap after
{Heap after GC invocations=95 (full 0):
 garbage-first heap   total 397312K, used 174994K [0x0000000080000000, 0x0000000100000000)
  region size 1024K, 12 young (12288K), 12 survivors (12288K)
 Metaspace       used 141571K, capacity 145273K, committed 145568K, reserved 1177600K
  class space    used 17024K, capacity 18426K, committed 18508K, reserved 1048576K
}
Event: 5859.656 GC heap before
{Heap before GC invocations=95 (full 0):
 garbage-first heap   total 397312K, used 279442K [0x0000000080000000, 0x0000000100000000)
  region size 1024K, 115 young (117760K), 12 survivors (12288K)
 Metaspace       used 141605K, capacity 145280K, committed 145568K, reserved 1177600K
  class space    used 17025K, capacity 18428K, committed 18508K, reserved 1048576K
}
Event: 5859.711 GC heap after
{Heap after GC invocations=96 (full 0):
 garbage-first heap   total 397312K, used 183296K [0x0000000080000000, 0x0000000100000000)
  region size 1024K, 10 young (10240K), 10 survivors (10240K)
 Metaspace       used 141605K, capacity 145280K, committed 145568K, reserved 1177600K
  class space    used 17025K, capacity 18428K, committed 18508K, reserved 1048576K
}
Event: 5860.926 GC heap before
{Heap before GC invocations=97 (full 0):
 garbage-first heap   total 397312K, used 305152K [0x0000000080000000, 0x0000000100000000)
  region size 1024K, 129 young (132096K), 10 survivors (10240K)
 Metaspace       used 141628K, capacity 145359K, committed 145568K, reserved 1177600K
  class space    used 17028K, capacity 18433K, committed 18508K, reserved 1048576K
}

