# JRE version: OpenJDK Runtime Environment (8.0_242-b01) (build 1.8.0_242-release-1644-b01)
# Java VM: OpenJDK 64-Bit Server VM (25.242-b01 mixed mode windows-amd64 compressed oops)
Heap:
 PSYoungGen      total 477184K, used 161904K [0x00000000d5580000, 0x00000000f8280000, 0x0000000100000000)
  eden space 400384K, 27% used [0x00000000d5580000,0x00000000dbf912b8,0x00000000edc80000)
  from space 76800K, 69% used [0x00000000f2b80000,0x00000000f5f8ae50,0x00000000f7680000)
  to   space 80896K, 0% used [0x00000000edc80000,0x00000000edc80000,0x00000000f2b80000)
 ParOldGen       total 229888K, used 145861K [0x0000000080000000, 0x000000008e080000, 0x00000000d5580000)
  object space 229888K, 63% used [0x0000000080000000,0x0000000088e714d8,0x000000008e080000)
 Metaspace       used 166785K, capacity 173541K, committed 173808K, reserved 1200128K
  class space    used 20893K, capacity 22148K, committed 22264K, reserved 1048576K
GC Heap History (10 events):
Event: 886.630 GC heap before
{Heap before GC invocations=21 (full 4):
 PSYoungGen      total 387072K, used 376930K [0x00000000d5580000, 0x00000000eef00000, 0x0000000100000000)
  eden space 358400K, 100% used [0x00000000d5580000,0x00000000eb380000,0x00000000eb380000)
  from space 28672K, 64% used [0x00000000ed000000,0x00000000ee218ac8,0x00000000eec00000)
  to   space 29184K, 0% used [0x00000000eb380000,0x00000000eb380000,0x00000000ed000000)
 ParOldGen       total 229888K, used 63112K [0x0000000080000000, 0x000000008e080000, 0x00000000d5580000)
  object space 229888K, 27% used [0x0000000080000000,0x0000000083da2290,0x000000008e080000)
 Metaspace       used 104888K, capacity 109850K, committed 110104K, reserved 1144832K
  class space    used 13331K, capacity 14265K, committed 14368K, reserved 1048576K
Event: 886.741 GC heap after
Heap after GC invocations=21 (full 4):
 PSYoungGen      total 387584K, used 29152K [0x00000000d5580000, 0x00000000f1d80000, 0x0000000100000000)
  eden space 358400K, 0% used [0x00000000d5580000,0x00000000d5580000,0x00000000eb380000)
  from space 29184K, 99% used [0x00000000eb380000,0x00000000ecff8140,0x00000000ed000000)
  to   space 38400K, 0% used [0x00000000ef800000,0x00000000ef800000,0x00000000f1d80000)
 ParOldGen       total 229888K, used 77323K [0x0000000080000000, 0x000000008e080000, 0x00000000d5580000)
  object space 229888K, 33% used [0x0000000080000000,0x0000000084b82f80,0x000000008e080000)
 Metaspace       used 104888K, capacity 109850K, committed 110104K, reserved 1144832K
  class space    used 13331K, capacity 14265K, committed 14368K, reserved 1048576K
}
Event: 906.386 GC heap before
{Heap before GC invocations=22 (full 4):
 PSYoungGen      total 387584K, used 387552K [0x00000000d5580000, 0x00000000f1d80000, 0x0000000100000000)
  eden space 358400K, 100% used [0x00000000d5580000,0x00000000eb380000,0x00000000eb380000)
  from space 29184K, 99% used [0x00000000eb380000,0x00000000ecff8140,0x00000000ed000000)
  to   space 38400K, 0% used [0x00000000ef800000,0x00000000ef800000,0x00000000f1d80000)
 ParOldGen       total 229888K, used 77323K [0x0000000080000000, 0x000000008e080000, 0x00000000d5580000)
  object space 229888K, 33% used [0x0000000080000000,0x0000000084b82f80,0x000000008e080000)
 Metaspace       used 130084K, capacity 136268K, committed 136600K, reserved 1167360K
  class space    used 16528K, capacity 17702K, committed 17824K, reserved 1048576K
Event: 906.476 GC heap after
Heap after GC invocations=22 (full 4):
 PSYoungGen      total 412672K, used 38388K [0x00000000d5580000, 0x00000000f3980000, 0x0000000100000000)
  eden space 374272K, 0% used [0x00000000d5580000,0x00000000d5580000,0x00000000ec300000)
  from space 38400K, 99% used [0x00000000ef800000,0x00000000f1d7d0c8,0x00000000f1d80000)
  to   space 54272K, 0% used [0x00000000ec300000,0x00000000ec300000,0x00000000ef800000)
 ParOldGen       total 229888K, used 103542K [0x0000000080000000, 0x000000008e080000, 0x00000000d5580000)
  object space 229888K, 45% used [0x0000000080000000,0x000000008651d930,0x000000008e080000)
 Metaspace       used 130084K, capacity 136268K, committed 136600K, reserved 1167360K
  class space    used 16528K, capacity 17702K, committed 17824K, reserved 1048576K
}
Event: 924.103 GC heap before
{Heap before GC invocations=23 (full 4):
 PSYoungGen      total 412672K, used 344063K [0x00000000d5580000, 0x00000000f3980000, 0x0000000100000000)
  eden space 374272K, 81% used [0x00000000d5580000,0x00000000e8002f30,0x00000000ec300000)
  from space 38400K, 99% used [0x00000000ef800000,0x00000000f1d7d0c8,0x00000000f1d80000)
  to   space 54272K, 0% used [0x00000000ec300000,0x00000000ec300000,0x00000000ef800000)
 ParOldGen       total 229888K, used 103542K [0x0000000080000000, 0x000000008e080000, 0x00000000d5580000)
  object space 229888K, 45% used [0x0000000080000000,0x000000008651d930,0x000000008e080000)
 Metaspace       used 157400K, capacity 164207K, committed 164336K, reserved 1191936K
  class space    used 19620K, capacity 20951K, committed 20984K, reserved 1048576K
Event: 924.242 GC heap after
Heap after GC invocations=23 (full 4):
 PSYoungGen      total 428544K, used 54254K [0x00000000d5580000, 0x00000000f7680000, 0x0000000100000000)
  eden space 374272K, 0% used [0x00000000d5580000,0x00000000d5580000,0x00000000ec300000)
  from space 54272K, 99% used [0x00000000ec300000,0x00000000ef7fb880,0x00000000ef800000)
  to   space 76800K, 0% used [0x00000000f2b80000,0x00000000f2b80000,0x00000000f7680000)
 ParOldGen       total 229888K, used 140650K [0x0000000080000000, 0x000000008e080000, 0x00000000d5580000)
  object space 229888K, 61% used [0x0000000080000000,0x000000008895aaa8,0x000000008e080000)
 Metaspace       used 157400K, capacity 164207K, committed 164336K, reserved 1191936K
  class space    used 19620K, capacity 20951K, committed 20984K, reserved 1048576K
}
Event: 924.242 GC heap before
{Heap before GC invocations=24 (full 5):
 PSYoungGen      total 428544K, used 54254K [0x00000000d5580000, 0x00000000f7680000, 0x0000000100000000)
  eden space 374272K, 0% used [0x00000000d5580000,0x00000000d5580000,0x00000000ec300000)
  from space 54272K, 99% used [0x00000000ec300000,0x00000000ef7fb880,0x00000000ef800000)
  to   space 76800K, 0% used [0x00000000f2b80000,0x00000000f2b80000,0x00000000f7680000)
 ParOldGen       total 229888K, used 140650K [0x0000000080000000, 0x000000008e080000, 0x00000000d5580000)
  object space 229888K, 61% used [0x0000000080000000,0x000000008895aaa8,0x000000008e080000)
 Metaspace       used 157400K, capacity 164207K, committed 164336K, reserved 1191936K
  class space    used 19620K, capacity 20951K, committed 20984K, reserved 1048576K
Event: 925.163 GC heap after
Heap after GC invocations=24 (full 5):
 PSYoungGen      total 428544K, used 0K [0x00000000d5580000, 0x00000000f7680000, 0x0000000100000000)
  eden space 374272K, 0% used [0x00000000d5580000,0x00000000d5580000,0x00000000ec300000)
  from space 54272K, 0% used [0x00000000ec300000,0x00000000ec300000,0x00000000ef800000)
  to   space 76800K, 0% used [0x00000000f2b80000,0x00000000f2b80000,0x00000000f7680000)
 ParOldGen       total 229888K, used 145853K [0x0000000080000000, 0x000000008e080000, 0x00000000d5580000)
  object space 229888K, 63% used [0x0000000080000000,0x0000000088e6f4d8,0x000000008e080000)
 Metaspace       used 156188K, capacity 162815K, committed 164336K, reserved 1191936K
  class space    used 19597K, capacity 20871K, committed 20984K, reserved 1048576K
}
Event: 933.711 GC heap before
{Heap before GC invocations=25 (full 5):
 PSYoungGen      total 428544K, used 374272K [0x00000000d5580000, 0x00000000f7680000, 0x0000000100000000)
  eden space 374272K, 100% used [0x00000000d5580000,0x00000000ec300000,0x00000000ec300000)
  from space 54272K, 0% used [0x00000000ec300000,0x00000000ec300000,0x00000000ef800000)
  to   space 76800K, 0% used [0x00000000f2b80000,0x00000000f2b80000,0x00000000f7680000)
 ParOldGen       total 229888K, used 145853K [0x0000000080000000, 0x000000008e080000, 0x00000000d5580000)
  object space 229888K, 63% used [0x0000000080000000,0x0000000088e6f4d8,0x000000008e080000)
 Metaspace       used 166573K, capacity 173291K, committed 173552K, reserved 1200128K
  class space    used 20875K, capacity 22139K, committed 22264K, reserved 1048576K
Event: 933.790 GC heap after
Heap after GC invocations=25 (full 5):
 PSYoungGen      total 477184K, used 53291K [0x00000000d5580000, 0x00000000f8280000, 0x0000000100000000)
  eden space 400384K, 0% used [0x00000000d5580000,0x00000000d5580000,0x00000000edc80000)
  from space 76800K, 69% used [0x00000000f2b80000,0x00000000f5f8ae50,0x00000000f7680000)
  to   space 80896K, 0% used [0x00000000edc80000,0x00000000edc80000,0x00000000f2b80000)
 ParOldGen       total 229888K, used 145861K [0x0000000080000000, 0x000000008e080000, 0x00000000d5580000)
  object space 229888K, 63% used [0x0000000080000000,0x0000000088e714d8,0x000000008e080000)
 Metaspace       used 166573K, capacity 173291K, committed 173552K, reserved 1200128K
  class space    used 20875K, capacity 22139K, committed 22264K, reserved 1048576K
}

